<?xml version="1.0" encoding="UTF-8"?>
<!-- Generated by org.testng.reporters.JUnitReportReporter -->
<testsuite skipped="0" hostname="SUNGWOOK.local" name="smoketests.ATagsTest" tests="1" failures="0" timestamp="25 Sep 2017 03:59:19 GMT" time="3.715" errors="0">
  <testcase name="loginElementPresentTest" time="3.715" classname="smoketests.ATagsTest"/>
</testsuite> <!-- smoketests.ATagsTest -->
