<?xml version="1.0" encoding="UTF-8"?>
<!-- Generated by org.testng.reporters.JUnitReportReporter -->
<testsuite skipped="0" hostname="SUNGWOOK.local" name="tests.LoginDDT" tests="4" failures="0" timestamp="25 Sep 2017 18:25:22 GMT" time="22.154" errors="0">
  <testcase name="loginTest" time="6.162" classname="tests.LoginDDT"/>
  <testcase name="loginTest" time="5.566" classname="tests.LoginDDT"/>
  <testcase name="loginTest" time="4.972" classname="tests.LoginDDT"/>
  <testcase name="loginTest" time="5.454" classname="tests.LoginDDT"/>
</testsuite> <!-- tests.LoginDDT -->
