<?xml version="1.0" encoding="UTF-8"?>
<!-- Generated by org.testng.reporters.JUnitReportReporter -->
<testsuite skipped="0" hostname="SUNGWOOK.local" name="tests.Expedia" tests="1" failures="0" timestamp="30 Sep 2017 14:30:28 GMT" time="52.710" errors="0">
  <testcase name="hotelReservation" time="52.710" classname="tests.Expedia"/>
</testsuite> <!-- tests.Expedia -->
