<?xml version="1.0" encoding="UTF-8"?>
<!-- Generated by org.testng.reporters.JUnitReportReporter -->
<testsuite skipped="0" hostname="SUNGWOOK.local" name="tests.LoginDDT" tests="4" failures="0" timestamp="30 Sep 2017 03:30:20 GMT" time="21.211" errors="0">
  <testcase name="loginTest" time="5.054" classname="tests.LoginDDT"/>
  <testcase name="loginTest" time="6.698" classname="tests.LoginDDT"/>
  <testcase name="loginTest" time="4.698" classname="tests.LoginDDT"/>
  <testcase name="loginTest" time="4.761" classname="tests.LoginDDT"/>
</testsuite> <!-- tests.LoginDDT -->
