<?xml version="1.0" encoding="UTF-8"?>
<!-- Generated by org.testng.reporters.JUnitReportReporter -->
<testsuite skipped="0" hostname="SUNGWOOK.local" name="smoketests.LoginPresentTestNG" tests="1" failures="0" timestamp="25 Sep 2017 03:59:14 GMT" time="3.741" errors="0">
  <testcase name="loginElementPresentTest" time="3.741" classname="smoketests.LoginPresentTestNG"/>
</testsuite> <!-- smoketests.LoginPresentTestNG -->
